[debug] [2026-03-18T08:07:56.700Z] ----------------------------------------------------------------------
[debug] [2026-03-18T08:07:56.702Z] Command:       C:\Program Files\nodejs\node.exe C:\Users\jay.suizo\AppData\Roaming\npm\node_modules\firebase-tools\lib\bin\firebase.js apps:list WEB --project my-store-website-5ec32
[debug] [2026-03-18T08:07:56.703Z] CLI Version:   15.6.0
[debug] [2026-03-18T08:07:56.703Z] Platform:      win32
[debug] [2026-03-18T08:07:56.703Z] Node Version:  v24.13.1
[debug] [2026-03-18T08:07:56.703Z] Time:          Wed Mar 18 2026 01:07:56 GMT-0700 (Pacific Daylight Time)
[debug] [2026-03-18T08:07:56.703Z] ----------------------------------------------------------------------
[debug] 
[debug] [2026-03-18T08:07:56.705Z] >>> [apiv2][query] GET https://firebase-public.firebaseio.com/cli.json [none]
[debug] [2026-03-18T08:07:56.748Z] > command requires scopes: ["email","openid","https://www.googleapis.com/auth/cloudplatformprojects.readonly","https://www.googleapis.com/auth/firebase","https://www.googleapis.com/auth/cloud-platform"]
[debug] [2026-03-18T08:07:56.748Z] > authorizing via signed-in user (jayjaysuizo8@gmail.com)
[debug] [2026-03-18T08:07:56.750Z] Checked if tokens are valid: false, expires at: 1773111358143
[debug] [2026-03-18T08:07:56.750Z] Checked if tokens are valid: false, expires at: 1773111358143
[debug] [2026-03-18T08:07:56.750Z] > refreshing access token with scopes: []
[debug] [2026-03-18T08:07:56.751Z] >>> [apiv2][query] POST https://www.googleapis.com/oauth2/v3/token [none]
[debug] [2026-03-18T08:07:56.751Z] >>> [apiv2][body] POST https://www.googleapis.com/oauth2/v3/token [omitted]
[debug] [2026-03-18T08:07:57.049Z] <<< [apiv2][status] POST https://www.googleapis.com/oauth2/v3/token 200
[debug] [2026-03-18T08:07:57.049Z] <<< [apiv2][body] POST https://www.googleapis.com/oauth2/v3/token [omitted]
[debug] [2026-03-18T08:07:57.055Z] >>> [apiv2][query] GET https://firebase.googleapis.com/v1beta1/projects/my-store-website-5ec32/webApps pageSize=100
[debug] [2026-03-18T08:07:57.499Z] <<< [apiv2][status] GET https://firebase-public.firebaseio.com/cli.json 200
[debug] [2026-03-18T08:07:57.499Z] <<< [apiv2][body] GET https://firebase-public.firebaseio.com/cli.json {"cloudBuildErrorAfter":1594252800000,"cloudBuildWarnAfter":1590019200000,"defaultNode10After":1594252800000,"minVersion":"3.0.5","node8DeploysDisabledAfter":1613390400000,"node8RuntimeDisabledAfter":1615809600000,"node8WarnAfter":1600128000000}
[debug] [2026-03-18T08:07:57.677Z] <<< [apiv2][status] GET https://firebase.googleapis.com/v1beta1/projects/my-store-website-5ec32/webApps 403
[debug] [2026-03-18T08:07:57.677Z] <<< [apiv2][body] GET https://firebase.googleapis.com/v1beta1/projects/my-store-website-5ec32/webApps {"error":{"code":403,"message":"The caller does not have permission","status":"PERMISSION_DENIED"}}
[debug] [2026-03-18T08:07:57.678Z] Request to https://firebase.googleapis.com/v1beta1/projects/my-store-website-5ec32/webApps?pageSize=100 had HTTP Error: 403, The caller does not have permission
[debug] [2026-03-18T08:07:57.679Z] FirebaseError: Request to https://firebase.googleapis.com/v1beta1/projects/my-store-website-5ec32/webApps?pageSize=100 had HTTP Error: 403, The caller does not have permission
    at responseToError (C:\Users\jay.suizo\AppData\Roaming\npm\node_modules\firebase-tools\lib\responseToError.js:53:12)
    at RetryOperation._fn (C:\Users\jay.suizo\AppData\Roaming\npm\node_modules\firebase-tools\lib\apiv2.js:330:77)
    at process.processTicksAndRejections (node:internal/process/task_queues:103:5)
[error] 
[error] Error: Failed to list Firebase WEB apps. See firebase-debug.log for more info.
[debug] [2026-03-18T08:08:12.896Z] ----------------------------------------------------------------------
[debug] [2026-03-18T08:08:12.898Z] Command:       C:\Program Files\nodejs\node.exe C:\Users\jay.suizo\AppData\Roaming\npm\node_modules\firebase-tools\lib\bin\firebase.js projects:list
[debug] [2026-03-18T08:08:12.898Z] CLI Version:   15.6.0
[debug] [2026-03-18T08:08:12.898Z] Platform:      win32
[debug] [2026-03-18T08:08:12.898Z] Node Version:  v24.13.1
[debug] [2026-03-18T08:08:12.898Z] Time:          Wed Mar 18 2026 01:08:12 GMT-0700 (Pacific Daylight Time)
[debug] [2026-03-18T08:08:12.898Z] ----------------------------------------------------------------------
[debug] 
[debug] [2026-03-18T08:08:12.905Z] > command requires scopes: ["email","openid","https://www.googleapis.com/auth/cloudplatformprojects.readonly","https://www.googleapis.com/auth/firebase","https://www.googleapis.com/auth/cloud-platform"]
[debug] [2026-03-18T08:08:12.905Z] > authorizing via signed-in user (jayjaysuizo8@gmail.com)
[debug] [2026-03-18T08:08:12.908Z] Checked if tokens are valid: true, expires at: 1773824876050
[debug] [2026-03-18T08:08:12.908Z] Checked if tokens are valid: true, expires at: 1773824876050
[debug] [2026-03-18T08:08:12.909Z] >>> [apiv2][query] GET https://firebase.googleapis.com/v1beta1/projects pageSize=1000
[debug] [2026-03-18T08:08:13.552Z] <<< [apiv2][status] GET https://firebase.googleapis.com/v1beta1/projects 200
